app/build/intermediates/manifest_merge_blame_file/debug/processDebugMainManifest/manifest-merger-blame-debug-report.txt
1<?xml version="1.0" encoding="utf-8"?>
2<manifest xmlns:android="http://schemas.android.com/apk/res/android"
3    package="com.aicallblocker.app"
4    android:versionCode="1"
5    android:versionName="0.1.0" >
6
7    <uses-sdk
8        android:minSdkVersion="26"
9        android:targetSdkVersion="34" />
10
11    <uses-permission android:name="android.permission.READ_PHONE_STATE" />
11-->src\main\AndroidManifest.xml:4:5-74
11-->src\main\AndroidManifest.xml:4:22-72
12    <uses-permission android:name="android.permission.READ_CALL_LOG" />
12-->src\main\AndroidManifest.xml:5:5-71
12-->src\main\AndroidManifest.xml:5:22-69
13    <uses-permission android:name="android.permission.READ_CONTACTS" />
13-->src\main\AndroidManifest.xml:6:5-71
13-->src\main\AndroidManifest.xml:6:22-69
14    <uses-permission android:name="android.permission.ANSWER_PHONE_CALLS" />
14-->src\main\AndroidManifest.xml:7:5-76
14-->src\main\AndroidManifest.xml:7:22-74
15    <uses-permission android:name="android.permission.RECORD_AUDIO" />
15-->src\main\AndroidManifest.xml:8:5-70
15-->src\main\AndroidManifest.xml:8:22-68
16    <uses-permission android:name="android.permission.POST_NOTIFICATIONS" />
16-->src\main\AndroidManifest.xml:9:5-76
16-->src\main\AndroidManifest.xml:9:22-74
17    <uses-permission android:name="android.permission.INTERNET" />
17-->src\main\AndroidManifest.xml:10:5-66
17-->src\main\AndroidManifest.xml:10:22-64
18    <uses-permission android:name="android.permission.FOREGROUND_SERVICE" />
18-->src\main\AndroidManifest.xml:11:5-76
18-->src\main\AndroidManifest.xml:11:22-74
19    <uses-permission android:name="android.permission.FOREGROUND_SERVICE_DATA_SYNC" />
19-->src\main\AndroidManifest.xml:12:5-86
19-->src\main\AndroidManifest.xml:12:22-84
20    <uses-permission android:name="android.permission.VIBRATE" />
20-->src\main\AndroidManifest.xml:13:5-65
20-->src\main\AndroidManifest.xml:13:22-63
21    <uses-permission android:name="android.permission.ACCESS_NETWORK_STATE" />
21-->[com.google.firebase:firebase-messaging:24.0.3] AndroidManifest.xml:22:5-79
21-->[com.google.firebase:firebase-messaging:24.0.3] AndroidManifest.xml:22:22-76
22    <uses-permission android:name="android.permission.WAKE_LOCK" /> <!-- Required by older versions of Google Play services to create IID tokens -->
22-->[com.google.firebase:firebase-messaging:24.0.3] AndroidManifest.xml:24:5-68
22-->[com.google.firebase:firebase-messaging:24.0.3] AndroidManifest.xml:24:22-65
23    <uses-permission android:name="com.google.android.c2dm.permission.RECEIVE" />
23-->[com.google.firebase:firebase-messaging:24.0.3] AndroidManifest.xml:26:5-82
23-->[com.google.firebase:firebase-messaging:24.0.3] AndroidManifest.xml:26:22-79
24
25    <permission
25-->[androidx.core:core:1.13.1] AndroidManifest.xml:22:5-24:47
26        android:name="com.aicallblocker.app.DYNAMIC_RECEIVER_NOT_EXPORTED_PERMISSION"
26-->[androidx.core:core:1.13.1] AndroidManifest.xml:23:9-81
27        android:protectionLevel="signature" />
27-->[androidx.core:core:1.13.1] AndroidManifest.xml:24:9-44
28
29    <uses-permission android:name="com.aicallblocker.app.DYNAMIC_RECEIVER_NOT_EXPORTED_PERMISSION" />
29-->[androidx.core:core:1.13.1] AndroidManifest.xml:26:5-97
29-->[androidx.core:core:1.13.1] AndroidManifest.xml:26:22-94
30    <uses-permission android:name="android.permission.MODIFY_AUDIO_SETTINGS" />
30-->[com.twilio:voice-android:6.9.0] AndroidManifest.xml:9:5-80
30-->[com.twilio:voice-android:6.9.0] AndroidManifest.xml:9:22-77
31    <uses-permission android:name="android.permission.ACCESS_WIFI_STATE" /> <!-- USSD forwarding ACTION_DIAL orqali ochiladi; ilova kodni avtomatik yubormaydi. -->
31-->[com.twilio:voice-android:6.9.0] AndroidManifest.xml:11:5-76
31-->[com.twilio:voice-android:6.9.0] AndroidManifest.xml:11:22-73
32    <application
32-->src\main\AndroidManifest.xml:16:5-107:19
33        android:name="com.aicallblocker.app.AiCallBlockerApp"
33-->src\main\AndroidManifest.xml:17:9-41
34        android:allowBackup="true"
34-->src\main\AndroidManifest.xml:18:9-35
35        android:appComponentFactory="androidx.core.app.CoreComponentFactory"
35-->[androidx.core:core:1.13.1] AndroidManifest.xml:28:18-86
36        android:debuggable="true"
37        android:extractNativeLibs="false"
38        android:icon="@drawable/ic_launcher"
38-->src\main\AndroidManifest.xml:19:9-45
39        android:label="AI Call Blocker"
39-->src\main\AndroidManifest.xml:20:9-40
40        android:theme="@style/Theme.AiCallBlocker" >
40-->src\main\AndroidManifest.xml:21:9-51
41        <activity
41-->src\main\AndroidManifest.xml:23:9-30:20
42            android:name="com.aicallblocker.app.ui.MainActivity"
42-->src\main\AndroidManifest.xml:24:13-44
43            android:exported="true" >
43-->src\main\AndroidManifest.xml:25:13-36
44            <intent-filter>
44-->src\main\AndroidManifest.xml:26:13-29:29
45                <action android:name="android.intent.action.MAIN" />
45-->src\main\AndroidManifest.xml:27:17-68
45-->src\main\AndroidManifest.xml:27:25-66
46
47                <category android:name="android.intent.category.LAUNCHER" />
47-->src\main\AndroidManifest.xml:28:17-76
47-->src\main\AndroidManifest.xml:28:27-74
48            </intent-filter>
49        </activity>
50
51        <service
51-->src\main\AndroidManifest.xml:32:9-39:19
52            android:name="com.aicallblocker.app.service.MyCallScreeningService"
52-->src\main\AndroidManifest.xml:33:13-59
53            android:exported="true"
53-->src\main\AndroidManifest.xml:35:13-36
54            android:permission="android.permission.BIND_SCREENING_SERVICE" >
54-->src\main\AndroidManifest.xml:34:13-75
55            <intent-filter>
55-->src\main\AndroidManifest.xml:36:13-38:29
56                <action android:name="android.telecom.CallScreeningService" />
56-->src\main\AndroidManifest.xml:37:17-78
56-->src\main\AndroidManifest.xml:37:25-76
57            </intent-filter>
58        </service>
59
60        <!--
61          MUHIM: foregroundServiceType="phoneCall" Android 14+ da faqat
62          ilova haqiqatan ham qo'ng'iroqni BOSHQARSA (InCallService rolini
63          ushlab turgan default/assistant dialer, yoki ConnectionService
64          orqali chaqiruv yaratuvchi ilova) ishlatilishi mumkin.
65
66          Oddiy CallScreeningService + alohida foreground service kombinatsiyasi
67          bilan "phoneCall" turini deklaratsiya qilish real audio-ga kirish
68          huquqini BERMAYDI va Play Console tekshiruvida rad etilishi yoki
69          runtime'da SecurityException/ServiceStartNotAllowedException
70          berilishi mumkin.
71
72          Shu sababli quyida ikkita YO'L ko'rsatilgan (README.md'da batafsil):
73            A) Agar ilova AI ovozli javobni haqiqiy qo'ng'iroq audiosida
74               berishi kerak bo'lsa — ilova InCallService bo'lishi va
75               foydalanuvchi uni DEFAULT PHONE APP qilib tanlashi shart.
76               Shunda audio route InCallService orqali qonuniy boshqariladi.
77            B) Agar ilova faqat metama'lumot (raqam, matn) darajasida ishlasa
78               (masalan post-call SMS/eslatma yuborish, yoki VoIP/SIP asosidagi
79               o'z chaqiruv tizimi) — "phoneCall" turi umuman kerak emas,
80               oddiy "dataSync" yoki "specialUse" turi (va tegishli
81               asoslash) yetarli.
82
83          Pastdagi deklaratsiya — B holatiga moslashtirilgan xavfsiz variant:
84          faqat fon jarayoni (masalan STT natijasini serverga yuborish va
85          xulosa notification chiqarish) uchun, real audio route qilmaydi.
86        -->
87        <!--
88             Bu servis PSTN audio yozmaydi; shuning uchun microphone/phoneCall type
89             e'lon qilinmaydi. Faqat WebSocket va yakuniy xulosa uchun dataSync.
90        -->
91        <service
91-->src\main\AndroidManifest.xml:70:9-73:39
92            android:name="com.aicallblocker.app.service.AiCallHandlerService"
92-->src\main\AndroidManifest.xml:71:13-57
93            android:exported="false"
93-->src\main\AndroidManifest.xml:73:13-37
94            android:foregroundServiceType="dataSync" />
94-->src\main\AndroidManifest.xml:72:13-53
95
96        <!--
97             YO'L B (tanlangan arxitektura): backend AI suhbatni yakunlagach
98             shu orqali matn/xulosa push xabari sifatida keladi.
99        -->
100        <service
100-->src\main\AndroidManifest.xml:77:9-83:19
101            android:name="com.aicallblocker.app.service.VoipPushService"
101-->src\main\AndroidManifest.xml:78:13-52
102            android:exported="false" >
102-->src\main\AndroidManifest.xml:79:13-37
103            <intent-filter>
103-->src\main\AndroidManifest.xml:80:13-82:29
104                <action android:name="com.google.firebase.MESSAGING_EVENT" />
104-->src\main\AndroidManifest.xml:81:17-77
104-->src\main\AndroidManifest.xml:81:25-75
105            </intent-filter>
106        </service>
107
108        <receiver
108-->src\main\AndroidManifest.xml:85:9-87:39
109            android:name="com.aicallblocker.app.service.NotificationActionReceiver"
109-->src\main\AndroidManifest.xml:86:13-63
110            android:exported="false" />
110-->src\main\AndroidManifest.xml:87:13-37
111
112        <!--
113          A-yo'l tanlansa kerak bo'ladigan InCallService deklaratsiyasi
114          (hozircha kod yozilmagan — README.md'dagi "Keyingi bosqich"ga qarang).
115          Izohdan chiqarib, service klassini yozgach ishlating:
116
117          <service
118              android:name=".service.MyInCallService"
119              android:permission="android.permission.BIND_INCALL_SERVICE"
120              android:exported="true">
121              <meta-data
122                  android:name="android.telecom.IN_CALL_SERVICE_UI"
123                  android:value="true"/>
124              <intent-filter>
125                  <action android:name="android.telecom.InCallService"/>
126              </intent-filter>
127          </service>
128        -->
129
130        <provider
130-->[androidx.emoji2:emoji2:1.3.0] AndroidManifest.xml:24:9-32:20
131            android:name="androidx.startup.InitializationProvider"
131-->[androidx.emoji2:emoji2:1.3.0] AndroidManifest.xml:25:13-67
132            android:authorities="com.aicallblocker.app.androidx-startup"
132-->[androidx.emoji2:emoji2:1.3.0] AndroidManifest.xml:26:13-68
133            android:exported="false" >
133-->[androidx.emoji2:emoji2:1.3.0] AndroidManifest.xml:27:13-37
134            <meta-data
134-->[androidx.emoji2:emoji2:1.3.0] AndroidManifest.xml:29:13-31:52
135                android:name="androidx.emoji2.text.EmojiCompatInitializer"
135-->[androidx.emoji2:emoji2:1.3.0] AndroidManifest.xml:30:17-75
136                android:value="androidx.startup" />
136-->[androidx.emoji2:emoji2:1.3.0] AndroidManifest.xml:31:17-49
137            <meta-data
137-->[io.github.jan-tennert.supabase:gotrue-kt-android-debug:2.5.1] AndroidManifest.xml:14:13-16:52
138                android:name="io.github.jan.supabase.gotrue.SupabaseInitializer"
138-->[io.github.jan-tennert.supabase:gotrue-kt-android-debug:2.5.1] AndroidManifest.xml:15:17-81
139                android:value="androidx.startup" />
139-->[io.github.jan-tennert.supabase:gotrue-kt-android-debug:2.5.1] AndroidManifest.xml:16:17-49
140            <meta-data
140-->[androidx.lifecycle:lifecycle-process:2.8.4] AndroidManifest.xml:29:13-31:52
141                android:name="androidx.lifecycle.ProcessLifecycleInitializer"
141-->[androidx.lifecycle:lifecycle-process:2.8.4] AndroidManifest.xml:30:17-78
142                android:value="androidx.startup" />
142-->[androidx.lifecycle:lifecycle-process:2.8.4] AndroidManifest.xml:31:17-49
143            <meta-data
143-->[androidx.profileinstaller:profileinstaller:1.3.1] AndroidManifest.xml:29:13-31:52
144                android:name="androidx.profileinstaller.ProfileInstallerInitializer"
144-->[androidx.profileinstaller:profileinstaller:1.3.1] AndroidManifest.xml:30:17-85
145                android:value="androidx.startup" />
145-->[androidx.profileinstaller:profileinstaller:1.3.1] AndroidManifest.xml:31:17-49
146            <meta-data
146-->[com.russhwolf:multiplatform-settings-no-arg-android-debug:1.1.1] AndroidManifest.xml:29:13-31:52
147                android:name="com.russhwolf.settings.SettingsInitializer"
147-->[com.russhwolf:multiplatform-settings-no-arg-android-debug:1.1.1] AndroidManifest.xml:30:17-74
148                android:value="androidx.startup" />
148-->[com.russhwolf:multiplatform-settings-no-arg-android-debug:1.1.1] AndroidManifest.xml:31:17-49
149        </provider>
150
151        <service
151-->[com.google.firebase:firebase-messaging-ktx:24.0.3] AndroidManifest.xml:23:9-29:19
152            android:name="com.google.firebase.components.ComponentDiscoveryService"
152-->[com.google.firebase:firebase-messaging-ktx:24.0.3] AndroidManifest.xml:24:13-84
153            android:directBootAware="true"
153-->[com.google.firebase:firebase-common:21.0.0] AndroidManifest.xml:32:13-43
154            android:exported="false" >
154-->[com.google.firebase:firebase-messaging-ktx:24.0.3] AndroidManifest.xml:25:13-37
155            <meta-data
155-->[com.google.firebase:firebase-messaging-ktx:24.0.3] AndroidManifest.xml:26:13-28:85
156                android:name="com.google.firebase.components:com.google.firebase.messaging.ktx.FirebaseMessagingLegacyRegistrar"
156-->[com.google.firebase:firebase-messaging-ktx:24.0.3] AndroidManifest.xml:27:17-129
157                android:value="com.google.firebase.components.ComponentRegistrar" />
157-->[com.google.firebase:firebase-messaging-ktx:24.0.3] AndroidManifest.xml:28:17-82
158            <meta-data
158-->[com.google.firebase:firebase-messaging:24.0.3] AndroidManifest.xml:57:13-59:85
159                android:name="com.google.firebase.components:com.google.firebase.messaging.FirebaseMessagingKtxRegistrar"
159-->[com.google.firebase:firebase-messaging:24.0.3] AndroidManifest.xml:58:17-122
160                android:value="com.google.firebase.components.ComponentRegistrar" />
160-->[com.google.firebase:firebase-messaging:24.0.3] AndroidManifest.xml:59:17-82
161            <meta-data
161-->[com.google.firebase:firebase-messaging:24.0.3] AndroidManifest.xml:60:13-62:85
162                android:name="com.google.firebase.components:com.google.firebase.messaging.FirebaseMessagingRegistrar"
162-->[com.google.firebase:firebase-messaging:24.0.3] AndroidManifest.xml:61:17-119
163                android:value="com.google.firebase.components.ComponentRegistrar" />
163-->[com.google.firebase:firebase-messaging:24.0.3] AndroidManifest.xml:62:17-82
164            <meta-data
164-->[com.google.firebase:firebase-installations:17.2.0] AndroidManifest.xml:15:13-17:85
165                android:name="com.google.firebase.components:com.google.firebase.installations.FirebaseInstallationsKtxRegistrar"
165-->[com.google.firebase:firebase-installations:17.2.0] AndroidManifest.xml:16:17-130
166                android:value="com.google.firebase.components.ComponentRegistrar" />
166-->[com.google.firebase:firebase-installations:17.2.0] AndroidManifest.xml:17:17-82
167            <meta-data
167-->[com.google.firebase:firebase-installations:17.2.0] AndroidManifest.xml:18:13-20:85
168                android:name="com.google.firebase.components:com.google.firebase.installations.FirebaseInstallationsRegistrar"
168-->[com.google.firebase:firebase-installations:17.2.0] AndroidManifest.xml:19:17-127
169                android:value="com.google.firebase.components.ComponentRegistrar" />
169-->[com.google.firebase:firebase-installations:17.2.0] AndroidManifest.xml:20:17-82
170            <meta-data
170-->[com.google.firebase:firebase-common-ktx:21.0.0] AndroidManifest.xml:12:13-14:85
171                android:name="com.google.firebase.components:com.google.firebase.ktx.FirebaseCommonLegacyRegistrar"
171-->[com.google.firebase:firebase-common-ktx:21.0.0] AndroidManifest.xml:13:17-116
172                android:value="com.google.firebase.components.ComponentRegistrar" />
172-->[com.google.firebase:firebase-common-ktx:21.0.0] AndroidManifest.xml:14:17-82
173            <meta-data
173-->[com.google.firebase:firebase-common:21.0.0] AndroidManifest.xml:35:13-37:85
174                android:name="com.google.firebase.components:com.google.firebase.FirebaseCommonKtxRegistrar"
174-->[com.google.firebase:firebase-common:21.0.0] AndroidManifest.xml:36:17-109
175                android:value="com.google.firebase.components.ComponentRegistrar" />
175-->[com.google.firebase:firebase-common:21.0.0] AndroidManifest.xml:37:17-82
176            <meta-data
176-->[com.google.firebase:firebase-datatransport:18.2.0] AndroidManifest.xml:25:13-27:85
177                android:name="com.google.firebase.components:com.google.firebase.datatransport.TransportRegistrar"
177-->[com.google.firebase:firebase-datatransport:18.2.0] AndroidManifest.xml:26:17-115
178                android:value="com.google.firebase.components.ComponentRegistrar" />
178-->[com.google.firebase:firebase-datatransport:18.2.0] AndroidManifest.xml:27:17-82
179        </service>
180
181        <receiver
181-->[com.google.firebase:firebase-messaging:24.0.3] AndroidManifest.xml:29:9-40:20
182            android:name="com.google.firebase.iid.FirebaseInstanceIdReceiver"
182-->[com.google.firebase:firebase-messaging:24.0.3] AndroidManifest.xml:30:13-78
183            android:exported="true"
183-->[com.google.firebase:firebase-messaging:24.0.3] AndroidManifest.xml:31:13-36
184            android:permission="com.google.android.c2dm.permission.SEND" >
184-->[com.google.firebase:firebase-messaging:24.0.3] AndroidManifest.xml:32:13-73
185            <intent-filter>
185-->[com.google.firebase:firebase-messaging:24.0.3] AndroidManifest.xml:33:13-35:29
186                <action android:name="com.google.android.c2dm.intent.RECEIVE" />
186-->[com.google.firebase:firebase-messaging:24.0.3] AndroidManifest.xml:34:17-81
186-->[com.google.firebase:firebase-messaging:24.0.3] AndroidManifest.xml:34:25-78
187            </intent-filter>
188
189            <meta-data
189-->[com.google.firebase:firebase-messaging:24.0.3] AndroidManifest.xml:37:13-39:40
190                android:name="com.google.android.gms.cloudmessaging.FINISHED_AFTER_HANDLED"
190-->[com.google.firebase:firebase-messaging:24.0.3] AndroidManifest.xml:38:17-92
191                android:value="true" />
191-->[com.google.firebase:firebase-messaging:24.0.3] AndroidManifest.xml:39:17-37
192        </receiver>
193        <!--
194             FirebaseMessagingService performs security checks at runtime,
195             but set to not exported to explicitly avoid allowing another app to call it.
196        -->
197        <service
197-->[com.google.firebase:firebase-messaging:24.0.3] AndroidManifest.xml:46:9-53:19
198            android:name="com.google.firebase.messaging.FirebaseMessagingService"
198-->[com.google.firebase:firebase-messaging:24.0.3] AndroidManifest.xml:47:13-82
199            android:directBootAware="true"
199-->[com.google.firebase:firebase-messaging:24.0.3] AndroidManifest.xml:48:13-43
200            android:exported="false" >
200-->[com.google.firebase:firebase-messaging:24.0.3] AndroidManifest.xml:49:13-37
201            <intent-filter android:priority="-500" >
201-->src\main\AndroidManifest.xml:80:13-82:29
202                <action android:name="com.google.firebase.MESSAGING_EVENT" />
202-->src\main\AndroidManifest.xml:81:17-77
202-->src\main\AndroidManifest.xml:81:25-75
203            </intent-filter>
204        </service>
205
206        <activity
206-->[com.google.android.gms:play-services-base:18.0.1] AndroidManifest.xml:20:9-22:45
207            android:name="com.google.android.gms.common.api.GoogleApiActivity"
207-->[com.google.android.gms:play-services-base:18.0.1] AndroidManifest.xml:20:19-85
208            android:exported="false"
208-->[com.google.android.gms:play-services-base:18.0.1] AndroidManifest.xml:22:19-43
209            android:theme="@android:style/Theme.Translucent.NoTitleBar" />
209-->[com.google.android.gms:play-services-base:18.0.1] AndroidManifest.xml:21:19-78
210
211        <provider
211-->[com.google.firebase:firebase-common:21.0.0] AndroidManifest.xml:23:9-28:39
212            android:name="com.google.firebase.provider.FirebaseInitProvider"
212-->[com.google.firebase:firebase-common:21.0.0] AndroidManifest.xml:24:13-77
213            android:authorities="com.aicallblocker.app.firebaseinitprovider"
213-->[com.google.firebase:firebase-common:21.0.0] AndroidManifest.xml:25:13-72
214            android:directBootAware="true"
214-->[com.google.firebase:firebase-common:21.0.0] AndroidManifest.xml:26:13-43
215            android:exported="false"
215-->[com.google.firebase:firebase-common:21.0.0] AndroidManifest.xml:27:13-37
216            android:initOrder="100" />
216-->[com.google.firebase:firebase-common:21.0.0] AndroidManifest.xml:28:13-36
217
218        <service
218-->[androidx.room:room-runtime:2.6.1] AndroidManifest.xml:24:9-28:63
219            android:name="androidx.room.MultiInstanceInvalidationService"
219-->[androidx.room:room-runtime:2.6.1] AndroidManifest.xml:25:13-74
220            android:directBootAware="true"
220-->[androidx.room:room-runtime:2.6.1] AndroidManifest.xml:26:13-43
221            android:exported="false" />
221-->[androidx.room:room-runtime:2.6.1] AndroidManifest.xml:27:13-37
222
223        <meta-data
223-->[com.google.android.gms:play-services-basement:18.3.0] AndroidManifest.xml:21:9-23:69
224            android:name="com.google.android.gms.version"
224-->[com.google.android.gms:play-services-basement:18.3.0] AndroidManifest.xml:22:13-58
225            android:value="@integer/google_play_services_version" />
225-->[com.google.android.gms:play-services-basement:18.3.0] AndroidManifest.xml:23:13-66
226
227        <receiver
227-->[androidx.profileinstaller:profileinstaller:1.3.1] AndroidManifest.xml:34:9-52:20
228            android:name="androidx.profileinstaller.ProfileInstallReceiver"
228-->[androidx.profileinstaller:profileinstaller:1.3.1] AndroidManifest.xml:35:13-76
229            android:directBootAware="false"
229-->[androidx.profileinstaller:profileinstaller:1.3.1] AndroidManifest.xml:36:13-44
230            android:enabled="true"
230-->[androidx.profileinstaller:profileinstaller:1.3.1] AndroidManifest.xml:37:13-35
231            android:exported="true"
231-->[androidx.profileinstaller:profileinstaller:1.3.1] AndroidManifest.xml:38:13-36
232            android:permission="android.permission.DUMP" >
232-->[androidx.profileinstaller:profileinstaller:1.3.1] AndroidManifest.xml:39:13-57
233            <intent-filter>
233-->[androidx.profileinstaller:profileinstaller:1.3.1] AndroidManifest.xml:40:13-42:29
234                <action android:name="androidx.profileinstaller.action.INSTALL_PROFILE" />
234-->[androidx.profileinstaller:profileinstaller:1.3.1] AndroidManifest.xml:41:17-91
234-->[androidx.profileinstaller:profileinstaller:1.3.1] AndroidManifest.xml:41:25-88
235            </intent-filter>
236            <intent-filter>
236-->[androidx.profileinstaller:profileinstaller:1.3.1] AndroidManifest.xml:43:13-45:29
237                <action android:name="androidx.profileinstaller.action.SKIP_FILE" />
237-->[androidx.profileinstaller:profileinstaller:1.3.1] AndroidManifest.xml:44:17-85
237-->[androidx.profileinstaller:profileinstaller:1.3.1] AndroidManifest.xml:44:25-82
238            </intent-filter>
239            <intent-filter>
239-->[androidx.profileinstaller:profileinstaller:1.3.1] AndroidManifest.xml:46:13-48:29
240                <action android:name="androidx.profileinstaller.action.SAVE_PROFILE" />
240-->[androidx.profileinstaller:profileinstaller:1.3.1] AndroidManifest.xml:47:17-88
240-->[androidx.profileinstaller:profileinstaller:1.3.1] AndroidManifest.xml:47:25-85
241            </intent-filter>
242            <intent-filter>
242-->[androidx.profileinstaller:profileinstaller:1.3.1] AndroidManifest.xml:49:13-51:29
243                <action android:name="androidx.profileinstaller.action.BENCHMARK_OPERATION" />
243-->[androidx.profileinstaller:profileinstaller:1.3.1] AndroidManifest.xml:50:17-95
243-->[androidx.profileinstaller:profileinstaller:1.3.1] AndroidManifest.xml:50:25-92
244            </intent-filter>
245        </receiver>
246
247        <service
247-->[com.google.android.datatransport:transport-backend-cct:3.1.9] AndroidManifest.xml:28:9-34:19
248            android:name="com.google.android.datatransport.runtime.backends.TransportBackendDiscovery"
248-->[com.google.android.datatransport:transport-backend-cct:3.1.9] AndroidManifest.xml:29:13-103
249            android:exported="false" >
249-->[com.google.android.datatransport:transport-backend-cct:3.1.9] AndroidManifest.xml:30:13-37
250            <meta-data
250-->[com.google.android.datatransport:transport-backend-cct:3.1.9] AndroidManifest.xml:31:13-33:39
251                android:name="backend:com.google.android.datatransport.cct.CctBackendFactory"
251-->[com.google.android.datatransport:transport-backend-cct:3.1.9] AndroidManifest.xml:32:17-94
252                android:value="cct" />
252-->[com.google.android.datatransport:transport-backend-cct:3.1.9] AndroidManifest.xml:33:17-36
253        </service>
254        <service
254-->[com.google.android.datatransport:transport-runtime:3.1.9] AndroidManifest.xml:26:9-30:19
255            android:name="com.google.android.datatransport.runtime.scheduling.jobscheduling.JobInfoSchedulerService"
255-->[com.google.android.datatransport:transport-runtime:3.1.9] AndroidManifest.xml:27:13-117
256            android:exported="false"
256-->[com.google.android.datatransport:transport-runtime:3.1.9] AndroidManifest.xml:28:13-37
257            android:permission="android.permission.BIND_JOB_SERVICE" >
257-->[com.google.android.datatransport:transport-runtime:3.1.9] AndroidManifest.xml:29:13-69
258        </service>
259
260        <receiver
260-->[com.google.android.datatransport:transport-runtime:3.1.9] AndroidManifest.xml:32:9-34:40
261            android:name="com.google.android.datatransport.runtime.scheduling.jobscheduling.AlarmManagerSchedulerBroadcastReceiver"
261-->[com.google.android.datatransport:transport-runtime:3.1.9] AndroidManifest.xml:33:13-132
262            android:exported="false" />
262-->[com.google.android.datatransport:transport-runtime:3.1.9] AndroidManifest.xml:34:13-37
263    </application>
264
265</manifest>